Generation # 0 ==> Best score:133
0.3827121132053435,-0.967685085721314,-0.4741893778555095,0.9548683594912291,-0.6483931727707386,0.7599208173342049,0.42209712881594896,-0.2579364492557943,0.2807008344680071,0.23746638419106603,0.7070131041109562,0.5636363187804818,-0.2968134297989309,-0.12560162646695971,0.4388303314335644,-0.9744593715295196,-0.6102427048608661,0.019063759595155716,0.4519456080161035,-0.3349393135868013,0.05375403165817261,0.1414084224961698,0.5144468611106277,0.5737213692627847,-0.7732512783259153,-0.3437692979350686,0.6996623338200152,-0.20215661264955997,0.18105847900733352,
Generation # 1 ==> Best score:134
-0.6636101235635579,0.19449850916862488,-0.2793330349959433,0.5055224155075848,-0.6672384501434863,0.43812085362151265,0.19566564913839102,0.9325600638985634,-0.6836309535428882,-0.7640779633074999,0.37991292821243405,0.3520071688108146,-0.24525636387988925,-0.842101173941046,0.20043080998584628,0.2616922855377197,-0.45644529862329364,-0.3791519273072481,0.362945341039449,0.596175282727927,0.0009441962465643883,0.013332999311387539,-0.8855854128487408,-0.632274909876287,0.7505270806141198,0.9551057280041277,-0.4598255134187639,0.7358561009168625,0.1861449871212244,
Generation # 2 ==> Best score:137
-0.6636101235635579,0.19449850916862488,-0.2793330349959433,0.5982734067365527,-0.6672384501434863,0.5308718448504806,0.19566564913839102,0.9325600638985634,-0.6836309535428882,-0.7640779633074999,0.37991292821243405,0.3520071688108146,-0.24525636387988925,-0.7493501827120781,0.2931818012148142,0.35444327676668763,-0.45644529862329364,-0.3791519273072481,0.362945341039449,0.596175282727927,0.0936951874755323,0.013332999311387539,-0.8855854128487408,-0.632274909876287,0.9882277608849108,0.6737471129745245,-0.9826307292096317,0.5424549924209714,-0.6226178505457938,
Generation # 3 ==> Best score:134
-0.5468869623728096,0.33808035822585225,-0.069348378572613,0.5105846161022782,0.6107532801106572,-0.7927471110597253,0.06822348106652498,0.825384858995676,0.5186896310187876,-0.8403593502007425,-0.3189375065267086,0.7554915049113333,-0.03804827947169542,0.6803851095028222,0.44205732457339764,-0.2854188485071063,0.6749505857005715,0.09973113471642137,0.9809178654104471,0.6769812209531665,-0.592817303724587,0.5937289278954268,-0.30606586672365665,0.5866489168256521,0.39212689036503434,0.7865701988339424,0.8144174963235855,1.0481175924651325,0.5098461150191724,
Generation # 4 ==> Best score:135
-0.6396379536017776,0.24532936699688435,-0.1620993698015809,0.6033356073312461,0.7035042713396251,-0.6072451286017895,0.19566564913839102,0.9325600638985634,-0.5908799623139203,-0.7640779633074999,0.37991292821243405,0.4447581600397825,-0.24525636387988925,-0.842101173941046,0.10767981875687838,0.35444327676668763,-0.36369430739432573,-0.2864009360782802,0.9809178654104471,0.6769812209531665,-0.5000663124956191,0.5009779366664588,-0.9783364040777087,-0.632274909876287,0.7505270806141198,0.9551057280041277,-0.4598255134187639,0.6431051096878946,0.1861449871212244,
Generation # 5 ==> Best score:134
1.0183412758633494,-0.8883070177398622,1.0139191513881087,-0.9234607792459428,-0.42253707395866513,0.6236228360794485,0.19566564913839102,1.0253110551275313,-0.6836309535428882,-0.7640779633074999,0.37991292821243405,0.4447581600397825,-0.24525636387988925,-0.842101173941046,0.20043080998584628,0.2616922855377197,-0.45644529862329364,-0.471902918536216,-0.19963627075776458,0.7723836041986942,0.4405191130936146,-0.732641345821321,-0.6850612540729344,0.829262469895184,0.8432780718430877,1.0478567192330956,-0.4598255134187639,0.8286070921458304,0.1861449871212244,
Generation # 6 ==> Best score:133
0.22557030944153666,0.2147421450354159,0.7690430181100965,-0.8211006736382842,0.9462983449921012,0.7337699844501913,0.6069835023954511,-0.8928490998223424,0.6013740128837526,-0.675807062536478,0.5543869929388165,0.6025016894564033,0.10645672911778092,0.649857493583113,-0.05680205533280969,1.0147957606241107,-0.5831274865195155,-0.30300331488251686,-0.13817691104486585,-0.25843701232224703,-0.6771308458410203,0.20040606334805489,-0.2431496330536902,-0.9433228806592524,0.9889379306696355,-0.7186218337155879,0.6856370181776583,0.5880302549339831,-0.66738077159971,
Generation # 7 ==> Best score:134
-0.11438341438770294,0.5529245282523334,-0.26651407731696963,-0.38608416076749563,-0.234739126637578,-0.1626667557284236,-0.6769813797436655,0.9654479096643627,-0.4115281365811825,1.2107496056705713,0.30158260138705373,0.1871123258024454,-0.2612330261617899,0.9848705334588885,-0.17949286801740527,1.0869664321653545,0.6867996086366475,-0.18163340678438544,-0.3346087643876672,-0.18113230727612972,-0.5000663124956191,0.6864799191243947,-0.21331487549468875,0.67939990805462,0.48487788159400225,0.6615560739301145,1.0133455423638225,0.986437619663775,0.7097932971082628,
Generation # 8 ==> Best score:134
-0.021632423158735037,0.5529245282523334,-0.26651407731696963,-0.38608416076749563,-0.1419881354086101,-0.1626667557284236,-0.6769813797436655,0.9654479096643627,-0.4115281365811825,1.2107496056705713,0.30158260138705373,0.1871123258024454,-0.2612330261617899,1.0776215246878564,-0.17949286801740527,1.0869664321653545,0.6867996086366475,-0.18163340678438544,-0.3346087643876672,-0.18113230727612972,-0.592817303724587,0.5937289278954268,-0.21331487549468875,0.8649018905125558,0.763130855280906,0.6615560739301145,1.1060965335927904,1.1719396021217108,0.7475389633327723,
Generation # 9 ==> Best score:135
-0.021632423158735037,0.5529245282523334,-0.26651407731696963,-0.38608416076749563,-0.0492371441796422,-0.1626667557284236,-0.6769813797436655,0.9654479096643627,-0.4115281365811825,0.7129353363998234,0.8129512211307883,0.2815243867225945,-0.168482034932822,0.7144541852176189,0.7757851909846067,-0.3781698397360742,1.1081314915791154,-0.12436424382030964,1.1804002365097404,0.9864088674075902,-0.8948994167149067,0.19674820266664028,-0.4550844100303948,0.7721508992835879,0.5776288728229702,0.8470580563880503,1.0133455423638225,0.986437619663775,0.5620369808748364,
Generation # 10 ==> Best score:135
-0.8111897972412407,-0.7800341416150331,0.3565584016032517,-0.7856825380586088,-0.7381493346765637,0.11696031223982573,-0.04414432030171156,1.0340807032771409,-0.6730786017142236,-0.6911082789301872,0.12181878229603171,0.0943613345734775,-0.07573104370385408,0.8072051764465868,0.9612871734425426,-0.2854188485071063,1.1081314915791154,-0.21711523504927754,1.1804002365097404,0.8936578761786222,-0.7093974342569709,0.19674820266664028,-0.6405863924883306,0.7721508992835879,0.48487788159400225,0.8470580563880503,0.9205945511348546,1.0791886108927429,0.5620369808748364,
Generation # 11 ==> Best score:139
0.058878247160464525,0.6208217078819871,0.11444411240518093,0.022958457004278898,0.8751515140756965,-0.10767422756180167,-0.562303573358804,0.7136123431846499,-0.8683937010355294,-0.01606040820479393,0.8836350408382714,0.7533159763552248,0.7250047218985856,0.7602517460472882,-0.0022796792909502983,-0.5340726054273546,0.9399731759913266,1.14941970910877,-0.4273597556166351,-0.18113230727612972,-0.40731532126665115,0.5937289278954268,-0.21331487549468875,0.9576528817415237,0.5776288728229702,0.8470580563880503,1.1988475248217583,1.2646905933506787,0.7475389633327723,
Generation # 12 ==> Best score:137
-0.532936823554337,0.7384265107102692,-0.17376308608800173,-0.38608416076749563,-0.0492371441796422,-0.1626667557284236,-0.6769813797436655,1.0581989008933306,-0.3187771453522146,0.8056863276287913,0.9057022123597562,0.2815243867225945,-0.07573104370385408,0.8999561676755548,0.7757851909846067,-0.2854188485071063,1.1081314915791154,-0.12436424382030964,1.2731512277387083,0.9864088674075902,-0.8948994167149067,0.3269104049541056,0.4085714081302285,0.037351797334849834,0.9360290630720556,1.2333587016910315,1.1060965335927904,1.1719396021217108,0.8402899545617402,
Generation # 13 ==> Best score:138
-0.021632423158735037,0.7384265107102692,0.11444411240518093,0.022958457004278898,1.0606534965336323,-0.20042521879076958,-0.562303573358804,0.8063633344136178,-0.6828917185775936,-0.01606040820479393,0.9763860320672393,0.7533159763552248,0.7250047218985856,0.7602517460472882,0.0904713119380176,-0.6268235966563225,0.48381224228069186,0.09649006789550185,0.7343960902653635,-0.7046526684425771,-0.19123210851103067,0.7792309103533626,-0.02781289303675294,0.7721508992835879,0.39212689036503434,0.7543070651590824,1.384349507279694,1.3574415845796466,0.7097932971082628,
Generation # 14 ==> Best score:137
0.3119893684051931,0.7384265107102692,0.11444411240518093,0.1157094482332468,1.0606534965336323,-0.20042521879076958,-0.562303573358804,0.8991143256425858,-0.6828917185775936,-0.01606040820479393,1.0691370232962072,0.8460669675841928,0.7250047218985856,0.7602517460472882,0.0904713119380176,-0.6268235966563225,0.48381224228069186,0.09649006789550185,0.8271470814943314,-0.6119016772136092,-0.09848111728206277,0.7792309103533626,-0.02781289303675294,0.7721508992835879,0.39212689036503434,0.7543070651590824,1.384349507279694,1.3574415845796466,0.7097932971082628,
Generation # 15 ==> Best score:138
0.8924305662512779,-0.16750840283930302,0.6852237954735756,-0.593741474673152,0.21838168427348137,-0.13358054216951132,0.39428541203960776,-0.3152979323640466,0.3872598181478679,-0.9186328970827162,0.39275429071858525,-0.19770092237740755,0.49771803384646773,0.7602517460472882,0.1832223031669855,-0.5340726054273546,0.48381224228069186,0.09649006789550185,0.8271470814943314,-0.5191506859846413,-0.09848111728206277,0.7792309103533626,-0.02781289303675294,0.8649018905125558,0.39212689036503434,0.7543070651590824,1.384349507279694,1.3574415845796466,0.8025442883372307,
Generation # 16 ==> Best score:139
0.07111856807023287,0.8311775019392371,-0.08101209485903382,-0.20058217830955982,-0.1419881354086101,0.11558621795848012,-0.5842303885146976,1.1509498921222985,-0.3187771453522146,1.3962515881285071,0.48708458384498954,0.2798633170314133,-0.2612330261617899,1.2631235071457922,-0.5353685626760125,-0.20763998245820403,1.2008824828080833,-0.031613252591341734,1.2731512277387083,1.079159858636558,-0.8948994167149067,0.19674820266664028,0.06493809819221497,0.67939990805462,0.48487788159400225,0.7543070651590824,1.1060965335927904,1.1719396021217108,0.8952952795661986,
Generation # 17 ==> Best score:138
0.21923837717622519,-0.32358110463246703,-0.3336079576984048,-0.4597058231011033,0.7815891117788851,0.39521328592672944,0.7521715965121984,1.1509498921222985,-0.13327516289427876,0.7129353363998234,0.9984532035887241,0.4670263691805303,-0.168482034932822,0.8999561676755548,-0.0022796792909502983,-0.44132161419838667,0.5765632335096598,1.14941970910877,-0.14910678192973137,0.09712066641077399,-0.22181333880871534,0.6864799191243947,0.06493809819221497,0.8649018905125558,0.39212689036503434,0.7543070651590824,1.384349507279694,1.3574415845796466,0.8025442883372307,
Generation # 18 ==> Best score:139
-0.6579922195523977,0.9250835529528558,-0.2704170593060553,-0.8682242492213845,0.5316159389913082,-0.623402161989361,0.465229251421988,0.8188143996521831,-0.49812897108495235,1.1179986144416034,0.6725865663029253,0.3742753779515624,-0.168482034932822,0.8999561676755548,-0.0022796792909502983,-0.44132161419838667,0.48381224228069186,1.14941970910877,-0.14910678192973137,0.0043696751818060875,-0.12906234757974744,0.6864799191243947,0.06493809819221497,0.9576528817415237,0.5776288728229702,0.7543070651590824,1.2915985160507262,1.4501925758086145,0.7475389633327723,
Generation # 19 ==> Best score:139
0.4902085545472801,-0.32358110463246703,-0.3336079576984048,-0.3548924494534731,0.6411156700924039,-0.28483156161382794,0.706319069955498,1.1180620463564992,-0.13327516289427876,0.8056863276287913,0.9984532035887241,0.4670263691805303,-0.168482034932822,1.0854581501334906,-0.0022796792909502983,-0.34857062296941876,0.5765632335096598,1.14941970910877,-0.24185777315869927,0.09712066641077399,0.9016095013357699,0.4692112570628524,0.06493809819221497,1.0504038729704916,0.39212689036503434,0.8470580563880503,1.477100498508662,1.4501925758086145,0.8025442883372307,
Generation # 20 ==> Best score:144
-0.7933225496672094,-0.5232802210375667,0.2299192720092833,0.12105126120150089,-0.5966479647904634,-0.3016329938545823,0.6185410553589463,1.210813037585467,-0.13327516289427876,0.8056863276287913,0.9984532035887241,0.4670263691805303,-0.168482034932822,1.0854581501334906,-0.0022796792909502983,-0.34857062296941876,0.5765632335096598,1.14941970910877,-0.24185777315869927,0.09712066641077399,0.9016095013357699,0.4692112570628524,0.15768908942118287,1.1431548641994596,0.39212689036503434,0.8470580563880503,1.477100498508662,1.5429435670375824,0.8025442883372307,
Generation # 21 ==> Best score:140
1.0779325487092137,0.017993579618632793,0.2299192720092833,0.2138022524304688,-0.5966479647904634,-0.3016329938545823,0.6185410553589463,1.303564028814435,-0.13327516289427876,0.8984373188577592,0.9984532035887241,0.4670263691805303,-0.168482034932822,1.1782091413624585,-0.0022796792909502983,-0.34857062296941876,0.6693142247386277,1.14941970910877,-0.24185777315869927,0.09712066641077399,0.9016095013357699,0.4692112570628524,0.15768908942118287,1.2359058554284275,0.39212689036503434,0.8470580563880503,1.477100498508662,1.5429435670375824,0.8025442883372307,
Generation # 22 ==> Best score:174
0.582959545776248,-0.23083011340349913,-0.24085696646943688,-0.3548924494534731,0.6411156700924039,-0.28483156161382794,0.706319069955498,1.1180620463564992,-0.04052417166531086,0.8984373188577592,1.091204194817692,0.5597773604094982,-0.07573104370385408,1.1782091413624585,-0.0022796792909502983,-0.5340726054273546,0.6693142247386277,0.28199205035343766,1.105400055181235,-0.3336487035267055,0.17977185640484095,0.9647328928112984,-0.02781289303675294,1.0504038729704916,0.39212689036503434,0.8470580563880503,1.477100498508662,1.5429435670375824,0.8025442883372307,
Generation # 23 ==> Best score:144
0.4902085545472801,-0.045328130945563316,-0.3336079576984048,-0.2621414582245052,0.7338666613213718,-0.19208057038486004,0.7990700611844659,1.303564028814435,-0.13327516289427876,0.8984373188577592,1.18395518604666,0.5597773604094982,0.01701994752511382,1.1782091413624585,-0.0022796792909502983,-0.5340726054273546,0.6693142247386277,0.37474304158240557,1.105400055181235,-0.3336487035267055,0.17977185640484095,0.8719819015823305,-0.02781289303675294,1.0504038729704916,0.39212689036503434,0.8470580563880503,1.477100498508662,1.5429435670375824,0.8952952795661986,
Generation # 24 ==> Best score:237
-0.6790189109742641,0.3428309471346438,1.019478506874293,-0.3669548318721354,1.0598420854657888,-0.1161310113966465,0.9845720436424017,1.0253110551275313,-0.12712500616908073,-0.5056062964722514,0.3073207647539675,1.0291846026666462,0.9105067043565214,1.1312557109631598,0.2759732943959534,-0.6034554066136479,1.2936334740370512,0.06113773863762617,0.6416450990363955,-0.6119016772136092,-0.005730126053094864,0.24291853653267026,1.6118672043085098,1.4392481949180365,0.763130855280906,0.8470580563880503,1.6626024809665978,1.7284455494955182,0.8025442883372307,
Generation # 25 ==> Best score:170
-0.21526395482942462,-0.3318010703660548,1.3849231163039804,-0.5524568143300712,0.874340103007853,-0.19208057038486004,0.8918210524134338,1.396315020043403,-0.04052417166531086,0.8984373188577592,1.2767061772756279,0.6525283516384661,0.01701994752511382,1.1782091413624585,-0.0022796792909502983,-0.5340726054273546,0.7620652159675956,0.37474304158240557,1.105400055181235,-0.3336487035267055,0.17977185640484095,0.9647328928112984,-0.02781289303675294,1.0504038729704916,0.39212689036503434,0.8470580563880503,1.477100498508662,1.4501925758086145,0.8952952795661986,
Generation # 26 ==> Best score:236
-0.2869882546365261,-0.23083011340349913,0.20719510363414884,-0.06715899566188455,0.5316159389913082,-0.43790017953142524,0.14135766215622425,1.52195385703817,-0.49812897108495235,-0.04185134032741189,0.40007175598293543,0.1312402030453086,0.9105067043565214,0.945753728505224,1.1467891559004784,-0.3781698397360742,1.386384465266019,0.06113773863762617,1.3659022189676762,1.2646618410944939,0.08702086517587304,0.9647328928112984,-0.02781289303675294,1.0504038729704916,0.48487788159400225,0.9398090476170182,1.56985148973763,1.6356945582665503,0.8952952795661986,
Generation # 27 ==> Best score:236
-0.21526395482942462,-0.23905007913708687,1.3849231163039804,-0.5524568143300712,0.874340103007853,-0.34514918830245733,0.14135766215622425,1.52195385703817,-0.40537797985598445,-0.04185134032741189,0.49282274721190333,0.1312402030453086,1.0032576955854893,0.945753728505224,1.1467891559004784,-0.3781698397360742,1.479135456494987,0.06113773863762617,1.3659022189676762,1.2646618410944939,0.08702086517587304,0.9647328928112984,-0.02781289303675294,1.0504038729704916,0.48487788159400225,0.9398090476170182,1.56985148973763,1.6356945582665503,0.9880462707951665,
Generation # 28 ==> Best score:168
0.8685669675469398,-0.13807912217453122,0.39269708609208465,0.07767079537734389,0.874340103007853,-0.09932957915589213,0.9845720436424017,1.396315020043403,0.052226819563657045,0.8984373188577592,1.2767061772756279,0.745279342867434,0.10977093875408173,1.1782091413624585,-0.0022796792909502983,-0.5340726054273546,0.8548162071965635,0.46749403281137347,1.458653210196644,1.2646618410944939,0.17977185640484095,0.9647328928112984,-0.02781289303675294,1.0504038729704916,0.48487788159400225,1.0325600388459861,1.56985148973763,1.7284455494955182,0.9880462707951665,
Generation # 29 ==> Best score:150
0.11123286001384258,-0.5090830870904028,-0.055354984011501074,-0.6452078055590391,0.7815891117788851,0.7012132597155869,1.0773230348713696,1.4890660112723708,0.052226819563657045,0.8984373188577592,1.2767061772756279,0.745279342867434,0.20252192998304963,1.1782091413624585,-0.0022796792909502983,-0.5340726054273546,0.8548162071965635,0.46749403281137347,1.458653210196644,1.2646618410944939,0.17977185640484095,0.9647328928112984,-0.02781289303675294,1.0504038729704916,0.48487788159400225,1.0325600388459861,1.56985148973763,1.7284455494955182,0.9880462707951665,
Generation # 30 ==> Best score:143
0.13779811514541507,-0.14629908790811896,0.20719510363414884,0.02559199556708336,0.6243669302202761,-0.34514918830245733,0.5123616270720959,1.52195385703817,-0.49812897108495235,-0.04185134032741189,0.49282274721190333,0.1312402030453086,0.9105067043565214,0.945753728505224,1.1467891559004784,-0.3781698397360742,1.479135456494987,0.15388872986659408,1.105400055181235,-0.2408977122977376,1.0871114837937057,1.242985866498202,0.2504400806501508,1.0504038729704916,0.6703798640519381,0.8470580563880503,1.384349507279694,1.6356945582665503,1.0807972620241344,
Generation # 31 ==> Best score:150
-0.4113616799004376,0.3196751889772713,0.10448988759890199,0.3559237690642476,0.3217668207362294,0.11558621795848012,0.89679402904585,1.5818170025013387,-0.12712500616908073,-0.3201043140143156,0.40007175598293543,1.0291846026666462,0.9105067043565214,1.3167576934210956,0.4614752768538892,-0.4179534241557121,1.9428904126398265,0.06113773863762617,1.105400055181235,-0.3336487035267055,1.0871114837937057,1.33573685772717,0.15768908942118287,1.0504038729704916,0.763130855280906,0.8470580563880503,1.384349507279694,1.6356945582665503,1.0807972620241344,
Generation # 32 ==> Best score:141
0.9293647697195411,-0.591848804615438,0.17782930145040154,-0.6189818163402379,0.35740920389071107,1.0616217232309282,0.8040430378168821,1.396315020043403,0.23772880202159286,1.176690292544663,1.18395518604666,0.8380303340964019,0.10977093875408173,1.2240067021921277,0.4614752768538892,-0.25581963174045086,0.9475671984255314,1.4276726827956736,0.12914619175717235,-0.0959127601236105,0.36527383886277676,1.0574838840402663,0.4369339579716325,1.1622337908484042,0.48487788159400225,1.0325600388459861,1.6626024809665978,1.7284455494955182,1.0807972620241344,
Generation # 33 ==> Best score:236
1.0636657727882266,0.14742697263136506,1.074859975837171,0.39676315197721124,0.40558844758197665,0.03390592383220792,0.08204661775380373,1.5034753940999508,0.052226819563657045,0.8984373188577592,1.3694571685045958,0.745279342867434,0.20252192998304963,1.1782091413624585,-0.0022796792909502983,-0.44132161419838667,0.9475671984255314,0.582107235211879,0.5071128909476101,0.4681246313266456,0.17977185640484095,1.1502348752692342,0.06493809819221497,1.1431548641994596,0.48487788159400225,1.0325600388459861,1.56985148973763,1.6356945582665503,0.9330409457907081,
Generation # 34 ==> Best score:237
0.2045019012875855,1.2449434623122215,0.29994609486311674,0.02559199556708336,0.6243669302202761,0.11558621795848012,0.048606670927256346,1.52195385703817,0.14497781079262495,1.581753570586443,0.7653375575318933,0.3726143082603812,0.10977093875408173,1.2240067021921277,0.4614752768538892,-0.16306864051148295,0.9475671984255314,1.4276726827956736,0.12914619175717235,-0.0959127601236105,0.45802483009174466,1.1502348752692342,0.4369339579716325,1.1622337908484042,0.48487788159400225,1.0325600388459861,1.6626024809665978,1.7284455494955182,1.0807972620241344,
Generation # 35 ==> Best score:239
-0.13310870621353388,0.4440730609931052,-0.9601928861811757,0.941469453740865,0.8098689126782119,-0.2523981970734894,0.6978636095300317,1.9857088131830096,-0.22602615412324667,1.489002579357475,1.18395518604666,0.9307813253253698,0.9105067043565214,1.1312557109631598,0.4614752768538892,0.3991201389580965,1.6646374389529228,1.5204236740246415,1.458653210196644,0.5608756225556135,0.36527383886277676,1.1502348752692342,0.15768908942118287,1.2359058554284275,0.5776288728229702,0.9398090476170182,1.6626024809665978,1.8211965407244861,0.9880462707951665,
Generation # 36 ==> Best score:264
-0.12913329061120749,0.2962465533055365,1.3904824717901647,0.2631727778352797,0.9670910942368209,0.8867152421735227,0.8362332163378596,0.911565390881151,-0.31262698862701654,-0.4128553052432835,0.7653375575318933,0.3726143082603812,0.10977093875408173,1.2240067021921277,0.5542262680828571,-0.16306864051148295,1.0403181896544993,1.5204236740246415,0.12914619175717235,-0.0959127601236105,0.45802483009174466,1.242985866498202,0.4369339579716325,1.1622337908484042,0.48487788159400225,1.3108130125328898,1.7553534721955657,2.006698523182422,1.1185429282486439,
Generation # 37 ==> Best score:263
-0.04035771498456597,0.4124261802062392,0.3827428612858057,0.2631727778352797,0.874340103007853,0.08617240330204368,0.6507312338799238,1.0043163821101189,0.24387895874679089,0.050899650901556015,0.7653375575318933,0.3726143082603812,0.10977093875408173,1.2240067021921277,0.646977259311825,-0.07031764928251505,1.0403181896544993,1.5204236740246415,0.12914619175717235,-0.0031617688946425915,0.45802483009174466,1.242985866498202,0.5296849492006004,1.1622337908484042,0.48487788159400225,1.3108130125328898,1.7553534721955657,2.006698523182422,1.1185429282486439,
Generation # 38 ==> Best score:296
0.018481868784874678,-0.23083011340349913,0.29994609486311674,0.3038449692539871,0.5429111863486469,-0.3016329938545823,0.14135766215622425,1.707455839496106,0.14497781079262495,1.6745045618154109,0.8580885487608612,0.3726143082603812,0.10977093875408173,1.2240067021921277,0.646977259311825,-0.07031764928251505,1.1330691808834672,1.4276726827956736,0.12914619175717235,-0.0959127601236105,0.5507758213207126,1.1502348752692342,0.4369339579716325,1.254984782077372,0.5776288728229702,1.3108130125328898,1.7553534721955657,2.006698523182422,1.025791937019676,
Generation # 39 ==> Best score:295
-0.04035771498456597,0.5051771714352071,0.4754938525147736,0.2631727778352797,0.4145178119651973,0.20833720918744802,0.14135766215622425,1.8002068307250738,0.14497781079262495,1.6745045618154109,0.8580885487608612,0.3726143082603812,0.10977093875408173,1.2240067021921277,0.646977259311825,0.022433341946452856,1.1330691808834672,1.4276726827956736,0.12914619175717235,-0.0959127601236105,0.6435268125496805,1.242985866498202,0.4369339579716325,1.1622337908484042,0.6703798640519381,1.4035640037618577,1.7553534721955657,2.09944951441139,1.025791937019676,
Generation # 40 ==> Best score:297
0.6175722521729767,0.4817485357634723,-0.1216704472899437,-0.854290893767029,0.6243669302202761,-0.2523981970734894,0.14135766215622425,1.0043163821101189,0.15112796751782298,-0.04185134032741189,0.771075720898807,0.3726143082603812,0.20252192998304963,1.2240067021921277,0.646977259311825,-0.16306864051148295,1.479135456494987,0.24663972109556198,2.0151591575704515,0.4681246313266456,0.24194161733612418,0.15016754530370235,1.7973691867664456,1.3464972036890686,1.3196368026547134,1.3108130125328898,1.477100498508662,2.09944951441139,1.0807972620241344,
Generation # 41 ==> Best score:297
0.6175722521729767,0.4817485357634723,-0.02891945606097579,-0.854290893767029,0.6243669302202761,-0.15964720584452152,0.14135766215622425,1.0043163821101189,0.15112796751782298,-0.04185134032741189,0.771075720898807,0.4653652994893491,0.29527292121201754,1.2240067021921277,0.5542262680828571,-0.25581963174045086,1.1330691808834672,1.4276726827956736,0.12914619175717235,-0.0031617688946425915,0.5507758213207126,1.1502348752692342,0.4369339579716325,1.34773577330634,0.5776288728229702,1.3108130125328898,1.8481044634245336,2.006698523182422,1.2112939194776118,
Generation # 42 ==> Best score:297
0.05239327624440193,0.597928162664175,0.5781990685500205,0.8196787252090871,0.9061195012181997,-0.3746167719364166,0.8619679757393897,1.0043163821101189,0.058376976288855076,-0.04185134032741189,0.6783247296698391,0.4653652994893491,0.29527292121201754,1.2240067021921277,0.646977259311825,-0.07031764928251505,1.479135456494987,0.24663972109556198,2.0151591575704515,0.3753736400976777,0.36527383886277676,1.33573685772717,0.5286930543370545,1.2359058554284275,0.6703798640519381,1.3108130125328898,1.8481044634245336,2.1922005056403577,1.1185429282486439,
Generation # 43 ==> Best score:303
0.2039838512428105,-0.045328130945563316,0.5781990685500205,0.3038449692539871,0.7284131688065827,-0.1161310113966465,0.14135766215622425,1.0970673733390868,-0.12712500616908073,-0.04185134032741189,0.863826712127775,0.558116290718317,0.29527292121201754,1.3167576934210956,0.5542262680828571,-0.16306864051148295,1.1330691808834672,1.4276726827956736,0.12914619175717235,0.18234021356329322,0.5507758213207126,1.242985866498202,0.5296849492006004,1.5332377557642758,0.5776288728229702,1.4035640037618577,1.9408554546535015,2.1922005056403577,1.2112939194776118,
Generation # 44 ==> Best score:307
0.7103232434019446,0.4817485357634723,-0.02891945606097579,-0.854290893767029,0.717117921449244,-0.15964720584452152,0.8619679757393897,1.0970673733390868,-0.03437401494011283,-0.04185134032741189,0.863826712127775,0.558116290718317,0.29527292121201754,1.3167576934210956,0.646977259311825,-0.25581963174045086,1.1330691808834672,1.4276726827956736,0.22189718298614025,0.08958922233432531,0.6435268125496805,1.1502348752692342,0.4369339579716325,1.6259887469932437,0.5776288728229702,1.4035640037618577,1.9408554546535015,2.1922005056403577,1.2112939194776118,
Generation # 45 ==> Best score:306
0.8030742346309125,0.4817485357634723,0.06383153516799212,-0.854290893767029,0.717117921449244,-0.15964720584452152,0.9547189669683576,1.0043163821101189,0.3366299499757588,0.050899650901556015,0.9565777033567429,0.6508672819472849,0.29527292121201754,1.3167576934210956,0.9252302329987288,-0.07031764928251505,1.571886447723955,0.4321417035534978,2.1079101487994194,0.18234021356329322,0.5507758213207126,1.242985866498202,0.6224359404295683,1.5332377557642758,0.5776288728229702,1.4035640037618577,1.9408554546535015,2.2849514968693256,1.2112939194776118,
Generation # 46 ==> Best score:306
0.8030742346309125,0.5744995269924402,0.06383153516799212,-0.854290893767029,0.717117921449244,-0.15964720584452152,0.9547189669683576,1.1898183645680547,0.15112796751782298,0.050899650901556015,0.771075720898807,0.558116290718317,0.29527292121201754,1.3167576934210956,0.7397282505407929,0.022433341946452856,1.479135456494987,0.24663972109556198,2.1079101487994194,0.4681246313266456,0.45802483009174466,1.242985866498202,0.6224359404295683,1.4404867645353079,0.763130855280906,1.6818169774487615,1.7553534721955657,2.3777024880982935,1.3590502357110381,
Generation # 47 ==> Best score:306
0.11419468000531197,0.5744995269924402,0.15658252639696002,-0.854290893767029,0.6243669302202761,-0.15964720584452152,0.8619679757393897,1.0970673733390868,-0.03437401494011283,0.050899650901556015,0.863826712127775,0.6508672819472849,0.29527292121201754,1.4095086846500635,0.7397282505407929,-0.16306864051148295,1.225820172112435,1.5204236740246415,0.22189718298614025,0.2826226488687098,0.3346926085650921,1.242985866498202,-0.3707235576584935,1.7924118028022349,0.6703798640519381,1.4035640037618577,1.8481044634245336,2.1922005056403577,1.2112939194776118,
Generation # 48 ==> Best score:328
0.8958252258598804,0.6672505182214081,0.06383153516799212,-0.7615399025380611,0.9026199039071798,-0.15964720584452152,0.9547189669683576,1.1898183645680547,0.24387895874679089,0.050899650901556015,1.1363415224477649,0.558116290718317,0.38802391244098544,1.2240067021921277,0.646977259311825,-0.16306864051148295,1.411322154570371,1.6131746652536094,0.500150156673044,-0.0031617688946425915,0.5507758213207126,1.242985866498202,0.6224359404295683,1.5332377557642758,0.763130855280906,1.7745679686777294,1.9408554546535015,2.4704534793272614,1.3590502357110381,
Generation # 49 ==> Best score:305
0.8958252258598804,0.6672505182214081,0.15658252639696002,-0.854290893767029,0.8098689126782119,-0.15964720584452152,1.0474699581973255,1.1898183645680547,0.24387895874679089,0.23640163335949183,0.771075720898807,0.558116290718317,0.29527292121201754,1.3167576934210956,0.646977259311825,-0.16306864051148295,1.571886447723955,0.24663972109556198,2.1079101487994194,0.4681246313266456,0.9217797862365842,1.33573685772717,0.7151869316585362,1.4404867645353079,0.763130855280906,1.3108130125328898,2.1263574371114373,2.2849514968693256,1.3040449107065797,
Generation # 50 ==> Best score:315
0.2516792858950794,0.24364416347816586,-0.30382659239694476,-0.854290893767029,1.0916214836761355,-0.18911478947848082,1.0474699581973255,1.0970673733390868,0.15112796751782298,0.14365064213052392,0.771075720898807,0.9291202556341887,0.20252192998304963,1.5950106671079993,0.646977259311825,-0.16306864051148295,1.6646374389529228,0.4321417035534978,2.293412131257355,0.4681246313266456,0.5507758213207126,1.33573685772717,0.6224359404295683,1.5332377557642758,0.763130855280906,1.8673189599066973,2.0336064458824694,2.4704534793272614,1.3590502357110381,
Generation # 51 ==> Best score:306
1.1898408802226186,0.5368240522220731,0.06383153516799212,-0.6687889113090932,0.8098689126782119,-0.15964720584452152,0.6978636095300317,1.8002068307250738,0.052226819563657045,-0.04185134032741189,0.863826712127775,1.6784415412694216,0.38802391244098544,1.6877616583369672,0.2759732943959534,0.20793532440438867,1.5968241370283067,0.3393907123245299,2.2006611400283873,0.18234021356329322,1.10728176869452,1.5212388401851058,0.4369339579716325,1.8114907294511795,0.8558818465098739,1.5890659862197936,1.9408554546535015,2.4704534793272614,1.2112939194776118,
Generation # 52 ==> Best score:312
0.05239327624440193,0.597928162664175,0.06383153516799212,-0.6687889113090932,0.9026199039071798,-0.15964720584452152,0.9547189669683576,1.2825693557970226,0.24387895874679089,0.050899650901556015,1.1363415224477649,0.6508672819472849,0.5735258948989213,1.3167576934210956,1.0179812242276967,-0.25581963174045086,1.6646374389529228,0.4321417035534978,1.9224081663414836,0.3753736400976777,0.24194161733612418,1.33573685772717,-0.2779725664295256,1.7187397382222116,0.6703798640519381,1.6818169774487615,2.0336064458824694,2.3777024880982935,1.3967959019355476,
Generation # 53 ==> Best score:354
1.1898408802226186,0.5368240522220731,0.15658252639696002,-0.5760379200801253,0.8098689126782119,-0.15964720584452152,0.6978636095300317,1.8002068307250738,0.5221319324336946,-0.04185134032741189,0.9565777033567429,0.7436182731762528,0.48077490366995335,1.5950106671079993,1.2034832066856325,-0.07031764928251505,1.571886447723955,0.4321417035534978,2.0151591575704515,0.4681246313266456,0.42744359979406,1.428487848956138,-0.0924705839715898,1.8114907294511795,0.763130855280906,1.6818169774487615,2.0336064458824694,2.4704534793272614,1.4895468931645155,
Generation # 54 ==> Best score:352
1.1898408802226186,0.5368240522220731,0.15658252639696002,-0.5760379200801253,0.9026199039071798,-0.15964720584452152,0.6978636095300317,1.8002068307250738,0.5221319324336946,-0.04185134032741189,1.0493286945857108,0.7436182731762528,0.48077490366995335,1.5950106671079993,1.2034832066856325,-0.07031764928251505,1.6646374389529228,0.4321417035534978,2.0151591575704515,0.4681246313266456,0.42744359979406,1.428487848956138,-0.0924705839715898,1.5332377557642758,0.9486328377388418,1.5890659862197936,2.2191084283404052,2.4704534793272614,1.2112939194776118,
Generation # 55 ==> Best score:332
1.1898408802226186,0.5368240522220731,0.15658252639696002,-0.5760379200801253,0.9026199039071798,-0.15964720584452152,0.6978636095300317,1.8002068307250738,0.5221319324336946,-0.04185134032741189,1.0493286945857108,0.7436182731762528,0.48077490366995335,1.5950106671079993,0.4614752768538892,0.20793532440438867,1.7823261194862425,0.5248926947824657,2.2006611400283873,0.46059318725019693,1.10728176869452,1.6139898314140737,0.4369339579716325,1.9042417206801474,0.8558818465098739,1.6818169774487615,2.0336064458824694,2.4704534793272614,1.2112939194776118,
Generation # 56 ==> Best score:319
-0.12251296360045671,0.760001509450376,0.24933351762592793,-0.5760379200801253,0.9026199039071798,0.2113567590713501,0.23410865338519216,1.8002068307250738,0.33047979325056076,0.14365064213052392,0.9565777033567429,0.7436182731762528,0.29527292121201754,1.4095086846500635,0.8324792417697608,-0.07031764928251505,1.7573884301818907,1.6131746652536094,0.31464817421510816,0.3753736400976777,0.24194161733612418,1.6139898314140737,-0.1852215752005577,2.089743703138083,0.8558818465098739,1.8673189599066973,2.1263574371114373,2.4704534793272614,1.4895468931645155,
Generation # 57 ==> Best score:321
-0.02976197237148881,0.8527525006793439,0.24933351762592793,-0.5760379200801253,0.9026199039071798,0.304107750300318,0.23410865338519216,1.8002068307250738,0.42323078447952867,0.14365064213052392,1.0493286945857108,0.8363692644052207,0.5735258948989213,1.4095086846500635,1.2962341979146004,-0.07031764928251505,1.8501394214108586,0.4321417035534978,2.2006611400283873,0.5533441784791648,0.9217797862365842,1.428487848956138,0.4369339579716325,1.7187397382222116,0.9486328377388418,1.6818169774487615,2.311859419569373,2.4704534793272614,1.2112939194776118,
Generation # 58 ==> Best score:305
0.8958252258598804,0.12539413524791598,-0.5703242737799883,0.6341767427511513,0.9953708951361477,0.2113567590713501,0.41961063584312797,1.3753203470259905,1.2455250285565853,0.050899650901556015,0.9565777033567429,0.7436182731762528,0.29527292121201754,1.4095086846500635,0.8324792417697608,0.022433341946452856,1.7573884301818907,1.7059256564825773,0.40739916544407606,0.3753736400976777,0.3346926085650921,1.6139898314140737,-0.1852215752005577,2.182494694367051,0.9486328377388418,1.9600699511356652,2.1263574371114373,2.4704534793272614,1.5822978843934834,
Generation # 59 ==> Best score:321
0.0629890188574791,0.760001509450376,0.34208450885489583,-0.3905359376221895,0.9026199039071798,0.2113567590713501,0.23410865338519216,1.8002068307250738,0.33047979325056076,0.32915262458845973,0.9565777033567429,1.1146222380921245,0.6662768861278892,1.4095086846500635,0.8324792417697608,-0.07031764928251505,1.6646374389529228,0.4321417035534978,0.500150156673044,0.6460951697081327,1.014530777465552,1.8922428051009774,1.2716928790323436,1.9042417206801474,0.763130855280906,1.8673189599066973,2.2191084283404052,2.6559554617851973,1.3040449107065797,
Generation # 60 ==> Best score:337
0.33064624993130565,0.7834301451221108,-0.4964379300363362,1.1499230172485113,1.1246671616099775,0.5793411741033196,0.23410865338519216,2.0784598044119775,0.42323078447952867,0.32915262458845973,1.2348306770436466,0.8363692644052207,0.38802391244098544,1.5950106671079993,0.9252302329987288,0.11518433317542076,1.8501394214108586,1.7059256564825773,0.31464817421510816,0.4681246313266456,0.24194161733612418,1.7067408226430416,-0.1852215752005577,2.275245685596019,1.0413838289678097,1.8673189599066973,2.1263574371114373,2.748706453014165,1.3040449107065797,
Generation # 61 ==> Best score:342
0.5161482323892415,-0.025671089068055153,0.4409686201252043,0.6748489341698587,1.2849191161803901,0.06937097106128931,0.32685964461416006,2.0784598044119775,0.5159817757084966,0.14365064213052392,1.0493286945857108,0.7436182731762528,0.5735258948989213,1.7805126495659351,1.0179812242276967,0.022433341946452856,1.6895751282572746,1.7986766477115452,0.7784031303599477,0.18234021356329322,0.7362778037786484,1.242985866498202,0.7151869316585362,1.6259887469932437,0.8558818465098739,2.145571933593601,2.1263574371114373,2.748706453014165,1.4895468931645155,
Generation # 62 ==> Best score:346
0.33064624993130565,0.9689321275800467,-0.5891889212653041,1.3354249997064471,1.1246671616099775,0.48659018287435174,0.32685964461416006,1.9857088131830096,0.33047979325056076,-0.04185134032741189,0.9565777033567429,1.8639435237273574,0.48077490366995335,1.873263640794903,1.0179812242276967,0.022433341946452856,1.7823261194862425,1.7059256564825773,0.5929011479020119,0.18234021356329322,0.5507758213207126,1.6139898314140737,0.093031398486346,1.9042417206801474,0.9486328377388418,1.7745679686777294,2.2191084283404052,2.6559554617851973,1.5822978843934834,
Generation # 63 ==> Best score:344
0.42339724116027355,0.7834301451221108,-0.4036869388073683,1.0571720260195434,1.3101691440679133,0.5793411741033196,0.23410865338519216,2.1712107956409454,0.5159817757084966,0.23640163335949183,1.0493286945857108,1.0218712468631566,0.48077490366995335,1.4095086846500635,0.8324792417697608,0.022433341946452856,1.318571163341403,1.7059256564825773,0.6856521391309798,0.18234021356329322,1.10728176869452,1.242985866498202,-0.0924705839715898,2.275245685596019,1.0413838289678097,1.9600699511356652,2.2191084283404052,2.841457444243133,1.3967959019355476,
Generation # 64 ==> Best score:344
0.42339724116027355,0.8761811363510787,-0.4036869388073683,1.0571720260195434,1.3101691440679133,0.5793411741033196,0.23410865338519216,2.1712107956409454,0.5159817757084966,0.23640163335949183,1.0493286945857108,1.0218712468631566,0.48077490366995335,1.4095086846500635,0.8324792417697608,0.022433341946452856,1.318571163341403,1.7986766477115452,0.6856521391309798,0.18234021356329322,1.10728176869452,1.242985866498202,-0.0924705839715898,2.275245685596019,1.0413838289678097,1.9600699511356652,2.311859419569373,2.934208435472101,1.3967959019355476,
Generation # 65 ==> Best score:341
0.0629890188574791,0.9455034919083118,0.43483550008386374,-0.3905359376221895,1.3101691440679133,0.6720921653322875,0.41961063584312797,1.9857088131830096,0.7942347493954003,0.5146546070463955,1.1420796858146787,1.1146222380921245,0.5735258948989213,1.5022596758790314,1.1107322154566646,0.30068631563335657,1.9678281019441783,1.8914276389405131,0.8711541215889156,0.46059318725019693,1.014530777465552,1.5212388401851058,0.9934399053454399,1.7187397382222116,1.5051387851126492,2.145571933593601,2.1263574371114373,2.841457444243133,1.5822978843934834,
Generation # 66 ==> Best score:344
0.5161482323892415,0.8761811363510787,-0.3109359475784004,1.1499230172485113,1.2174181528389454,0.5793411741033196,0.32685964461416006,2.2639617868699133,0.5159817757084966,0.32915262458845973,1.2348306770436466,0.7436182731762528,0.6662768861278892,1.6877616583369672,1.0179812242276967,0.20793532440438867,1.8750771107152104,1.984178630169481,0.9639051128178835,0.2750912047922611,0.7362778037786484,1.5212388401851058,0.7151869316585362,1.6259887469932437,0.8558818465098739,2.145571933593601,2.2191084283404052,2.748706453014165,1.6750488756224513,
Generation # 67 ==> Best score:346
0.42339724116027355,0.8761811363510787,1.4030037648044527,0.8196787252090871,1.1246671616099775,0.7648431565612555,0.23410865338519216,2.1712107956409454,0.5159817757084966,0.32915262458845973,1.3275816682726145,1.0218712468631566,0.38802391244098544,1.5022596758790314,1.0179812242276967,0.11518433317542076,1.318571163341403,1.6131746652536094,0.7784031303599477,0.6536266137845814,1.2927837511524558,1.8922428051009774,0.8079379228875041,2.089743703138083,1.1341348201967776,1.9600699511356652,2.497361402027309,2.841457444243133,1.6750488756224513,
Generation # 68 ==> Best score:345
0.8562026098370552,0.8761811363510787,-0.21818495634943247,0.6341767427511513,1.1808728775940835,0.3968587415292859,0.41961063584312797,2.0784598044119775,1.4310270110145211,0.6074055982753634,1.1420796858146787,1.3001242205500603,0.6662768861278892,1.6877616583369672,1.0179812242276967,0.11518433317542076,2.0356414038687944,1.7986766477115452,0.31464817421510816,0.7463776050135493,0.6129455822519958,1.7994918138720095,-0.0924705839715898,1.9969927119091153,0.9486328377388418,1.8673189599066973,2.7756143757142127,2.841457444243133,1.5822978843934834,
Generation # 69 ==> Best score:346
0.8562026098370552,0.8761811363510787,-0.12543396512046456,0.6341767427511513,1.1808728775940835,0.3968587415292859,0.41961063584312797,2.1712107956409454,1.4310270110145211,0.6074055982753634,1.1420796858146787,1.3001242205500603,0.6662768861278892,1.6877616583369672,1.1107322154566646,0.20793532440438867,2.1283923950977623,1.7986766477115452,0.31464817421510816,0.36784219602122903,1.4782857336103916,1.33573685772717,0.9934399053454399,1.6259887469932437,1.0413838289678097,2.145571933593601,2.311859419569373,2.934208435472101,1.6750488756224513,
Generation # 70 ==> Best score:353
0.42339724116027355,0.9689321275800467,0.43483550008386374,-0.2977849463932216,1.0881218863651156,0.304107750300318,0.6051126183010638,2.0784598044119775,0.5159817757084966,0.23640163335949183,1.1420796858146787,1.2073732293210924,1.0372808510437608,1.5950106671079993,1.0179812242276967,0.30068631563335657,1.5040731457993388,1.7986766477115452,0.8711541215889156,0.2750912047922611,1.2927837511524558,1.6139898314140737,0.4640353634022176,1.9042417206801474,1.2268858114257455,1.8673189599066973,2.404610410798341,2.934208435472101,1.6750488756224513,
Generation # 71 ==> Best score:351
0.5161482323892415,1.1544341100379825,-0.3109359475784004,1.2426740084774792,1.2174181528389454,0.6720921653322875,0.5123616270720959,2.2639617868699133,0.8869857406243682,0.32915262458845973,1.5130836507305503,2.049445506185293,0.6662768861278892,2.2442676057107747,1.1107322154566646,0.30068631563335657,1.9678281019441783,1.984178630169481,2.478914113715291,0.46059318725019693,1.200032759923488,1.33573685772717,1.0861908965744078,1.9969927119091153,1.0413838289678097,2.145571933593601,2.404610410798341,2.934208435472101,1.7677998668514192,
Generation # 72 ==> Best score:351
0.9489536010660231,-0.07350749429315329,1.031999799888581,0.8196787252090871,1.0513929729349911,0.5793411741033196,0.32685964461416006,2.0784598044119775,1.523778002243489,0.050899650901556015,1.2348306770436466,0.9291202556341887,0.9445298598147929,2.1515166144818068,1.0179812242276967,0.30068631563335657,2.0605790931731462,1.984178630169481,1.0566561040468514,0.46059318725019693,1.200032759923488,1.33573685772717,1.0861908965744078,1.8114907294511795,1.2268858114257455,2.331073916051537,2.404610410798341,3.026959426701069,1.6750488756224513,
Generation # 73 ==> Best score:347
0.7016502148471773,0.7834301451221108,-0.12543396512046456,0.8196787252090871,1.3663748600520194,0.3968587415292859,0.32685964461416006,1.9857088131830096,0.7942347493954003,0.14365064213052392,0.863826712127775,2.142196497414261,0.6662768861278892,2.2442676057107747,1.0179812242276967,0.11518433317542076,1.7823261194862425,1.984178630169481,0.5929011479020119,0.5533441784791648,1.2927837511524558,1.6139898314140737,0.6495373458601534,1.9969927119091153,1.3196368026547134,1.8673189599066973,2.404610410798341,3.026959426701069,1.6750488756224513,
Generation # 74 ==> Best score:351
0.8562026098370552,1.0616831188090146,0.43483550008386374,-0.3905359376221895,1.1808728775940835,0.3968587415292859,0.41961063584312797,2.2639617868699133,0.7942347493954003,0.23640163335949183,1.6058346419595182,1.2073732293210924,0.851778868585825,1.5022596758790314,1.1107322154566646,0.022433341946452856,1.411322154570371,2.076929621398449,0.8711541215889156,0.9318795874714851,1.6637877160683274,1.7067408226430416,0.00028040725737810135,2.0706647764891386,1.1341348201967776,2.331073916051537,2.311859419569373,2.934208435472101,1.5822978843934834,
Generation # 75 ==> Best score:1133
1.134455583523959,1.0616831188090146,-0.12543396512046456,0.6341767427511513,1.4591258512809873,0.4649187815375626,0.5123616270720959,2.3567127780988812,0.7014837581664324,0.23640163335949183,1.2348306770436466,0.8363692644052207,1.0372808510437608,2.058765623252839,1.2962341979146004,0.3934373068623245,1.5040731457993388,2.169680612627417,0.9639051128178835,0.9318795874714851,1.6637877160683274,1.7994918138720095,0.00028040725737810135,2.0706647764891386,1.3196368026547134,2.238322924822569,2.311859419569373,3.119710417930037,1.8605508580803871,
Generation # 76 ==> Best score:355
0.7016502148471773,1.0616831188090146,1.3102527735754848,0.8196787252090871,1.144143964163959,0.8575941477902234,0.5123616270720959,2.2639617868699133,1.523778002243489,0.050899650901556015,1.4203326595015824,1.0218712468631566,0.851778868585825,1.873263640794903,0.8324792417697608,0.4861882980912924,1.8750771107152104,2.2624316038563848,2.571665104944259,0.9243481433950365,1.10728176869452,1.5212388401851058,0.9934399053454399,1.7187397382222116,1.3196368026547134,2.331073916051537,2.311859419569373,3.119710417930037,1.8605508580803871,
Generation # 77 ==> Best score:1217
1.041704592294991,0.9689321275800467,-0.03268297389149666,0.8196787252090871,1.5518768425099552,0.5793411741033196,1.056942188180983,1.931826294399798,0.9797367318533361,0.32915262458845973,1.4203326595015824,1.3928752117790282,0.6662768861278892,2.3370185969397426,1.2962341979146004,0.30068631563335657,2.406645368784666,1.984178630169481,0.40739916544407606,0.9243481433950365,1.014530777465552,1.5212388401851058,1.1789418878033757,1.8114907294511795,1.2268858114257455,2.4238249072805047,2.311859419569373,3.026959426701069,1.953301849309355,
Generation # 78 ==> Best score:346
0.7634516186080873,0.9689321275800467,-0.21818495634943247,1.6136779733933508,1.144143964163959,0.8575941477902234,0.6051126183010638,2.2639617868699133,1.523778002243489,0.14365064213052392,1.4203326595015824,1.0218712468631566,0.851778868585825,1.873263640794903,0.8324792417697608,0.5789392893202603,2.0605790931731462,2.2624316038563848,2.571665104944259,1.0170991346240044,1.10728176869452,1.5212388401851058,0.9934399053454399,1.7187397382222116,1.3196368026547134,2.331073916051537,2.311859419569373,3.2124614091590047,1.7677998668514192,
Generation # 79 ==> Best score:410
0.6088992236182094,0.9689321275800467,1.3102527735754848,1.520926982164383,1.4029201352968812,0.6720921653322875,0.41961063584312797,2.542214760556817,0.8869857406243682,0.9753296789713204,1.5130836507305503,1.485626203007996,0.9445298598147929,1.7805126495659351,1.3889851891435683,0.4861882980912924,1.9678281019441783,2.3551825950853527,2.571665104944259,1.1098501258529723,1.200032759923488,1.5212388401851058,0.9934399053454399,1.7187397382222116,1.4123877938836813,2.331073916051537,2.404610410798341,3.2124614091590047,1.7677998668514192,
Generation # 80 ==> Best score:1279
0.7944012060761452,1.1544341100379825,1.3102527735754848,1.428175990935415,1.4029201352968812,0.7648431565612555,0.32685964461416006,2.449463769327849,0.9797367318533361,0.7929075807332993,1.4203326595015824,2.327698479872197,0.9445298598147929,2.6152715706266463,1.2962341979146004,0.4861882980912924,2.499396360013634,2.169680612627417,0.500150156673044,1.0170991346240044,1.7565387072972953,1.428487848956138,0.093031398486346,2.4416687414050102,1.2268858114257455,2.4238249072805047,2.497361402027309,2.934208435472101,1.7677998668514192,
Generation # 81 ==> Best score:1190
0.7016502148471773,1.2471851012669504,-0.12543396512046456,1.7064289646223187,1.236894955392927,0.8575941477902234,0.6978636095300317,2.2639617868699133,1.523778002243489,0.14365064213052392,1.5130836507305503,1.0218712468631566,0.851778868585825,2.5225205793976784,1.2962341979146004,0.30068631563335657,2.406645368784666,2.076929621398449,0.6856521391309798,1.0170991346240044,1.5710367248393595,1.8922428051009774,0.900688914116472,1.9042417206801474,1.3196368026547134,2.4238249072805047,2.497361402027309,3.026959426701069,2.046052840538323,
Generation # 82 ==> Best score:1504
0.8562026098370552,1.0616831188090146,-0.03268297389149666,1.7064289646223187,1.236894955392927,0.8575941477902234,0.6978636095300317,2.3567127780988812,1.523778002243489,0.23640163335949183,1.6058346419595182,1.0218712468631566,0.851778868585825,2.5225205793976784,1.2962341979146004,0.30068631563335657,2.406645368784666,2.076929621398449,0.7784031303599477,1.0170991346240044,1.5710367248393595,1.8922428051009774,0.900688914116472,1.9042417206801474,1.3196368026547134,2.4238249072805047,2.497361402027309,3.026959426701069,2.046052840538323,
Generation # 83 ==> Best score:1276
0.9489536010660231,1.1544341100379825,0.06006801733747125,1.7064289646223187,1.236894955392927,0.9503451390191913,0.6978636095300317,2.449463769327849,1.523778002243489,0.23640163335949183,1.698585633188486,1.0218712468631566,0.851778868585825,2.5225205793976784,1.2962341979146004,0.30068631563335657,2.406645368784666,2.076929621398449,0.7784031303599477,1.0170991346240044,1.5710367248393595,1.9849937963299453,0.900688914116472,1.9042417206801474,1.3196368026547134,2.5165758985094726,2.497361402027309,3.119710417930037,1.8605508580803871,
Generation # 84 ==> Best score:2935
0.9489536010660231,1.1544341100379825,1.4030037648044527,1.005180707667023,1.144143964163959,1.135847121477127,0.6051126183010638,2.3567127780988812,1.523778002243489,0.14365064213052392,1.698585633188486,1.671128185465932,1.1300318422727287,2.5225205793976784,1.2034832066856325,0.20793532440438867,2.246081075631082,2.076929621398449,0.500150156673044,1.1098501258529723,1.9420406897552311,1.7067408226430416,0.1857823897153139,2.4416687414050102,1.2268858114257455,2.6093268897384405,2.6828633844852448,3.026959426701069,1.953301849309355,
Generation # 85 ==> Best score:11797
0.979903188534081,1.71094005741179,-0.21818495634943247,0.912429716438055,1.495671126525849,0.6720921653322875,0.7906146007589996,2.727716743014753,1.523778002243489,0.050899650901556015,1.5130836507305503,1.578377194236964,1.1300318422727287,1.7805126495659351,1.3889851891435683,0.11518433317542076,1.5968241370283067,2.076929621398449,2.664416096173227,1.0170991346240044,1.4782857336103916,1.9849937963299453,1.7354478351771832,2.367996676824987,1.4123877938836813,2.4238249072805047,2.311859419569373,3.3052124003879726,1.953301849309355,
Generation # 86 ==> Best score:6407
0.9489536010660231,1.1544341100379825,0.318314753472805,0.19722009310498834,1.236894955392927,1.135847121477127,0.6051126183010638,2.449463769327849,1.523778002243489,0.14365064213052392,1.698585633188486,1.671128185465932,1.1300318422727287,2.6152715706266463,1.2034832066856325,0.20793532440438867,2.33883206686005,2.169680612627417,0.500150156673044,1.2026011170819402,1.9420406897552311,1.7067408226430416,0.1857823897153139,2.4416687414050102,1.2268858114257455,2.6093268897384405,2.7756143757142127,3.026959426701069,2.046052840538323,
Generation # 87 ==> Best score:23917
0.8871521973051131,1.71094005741179,-0.21818495634943247,1.005180707667023,1.644627833738923,0.8575941477902234,0.6978636095300317,2.449463769327849,1.523778002243489,0.14365064213052392,1.698585633188486,1.671128185465932,1.1300318422727287,2.708022561855614,1.2034832066856325,0.20793532440438867,2.33883206686005,2.169680612627417,0.500150156673044,1.2026011170819402,1.9420406897552311,1.7067408226430416,0.1857823897153139,2.4416687414050102,1.2268858114257455,2.6093268897384405,2.8683653669431806,3.026959426701069,2.046052840538323,
Generation # 88 ==> Best score:8283
0.979903188534081,1.8964420398697257,-0.21818495634943247,0.28997108433395624,1.236894955392927,1.0430961302481592,0.8833655919879675,2.542214760556817,1.523778002243489,0.42190361581742764,1.791336624417454,1.0218712468631566,0.9445298598147929,2.708022561855614,1.2034832066856325,0.20793532440438867,2.33883206686005,2.169680612627417,0.500150156673044,1.2026011170819402,2.034791680984199,1.7994918138720095,0.1857823897153139,2.4416687414050102,1.2268858114257455,2.6093268897384405,2.8683653669431806,3.026959426701069,2.046052840538323,
Generation # 89 ==> Best score:14428
0.9489536010660231,1.2471851012669504,-0.21818495634943247,1.0979316988959908,1.495671126525849,0.8575941477902234,0.9761165832169354,2.8204677342437208,1.523778002243489,0.050899650901556015,1.5130836507305503,1.578377194236964,1.2227828335016966,1.873263640794903,1.667238162830472,0.30068631563335657,2.33883206686005,2.2624316038563848,0.500150156673044,1.388103099539876,1.9420406897552311,1.7994918138720095,0.2785333809442818,2.4416687414050102,1.2268858114257455,2.6093268897384405,2.7756143757142127,3.2124614091590047,1.8605508580803871,
Generation # 90 ==> Best score:16048
1.2581561622209847,1.71094005741179,-0.12543396512046456,1.0979316988959908,1.588422117754817,0.9503451390191913,0.7906146007589996,2.9132187254726887,1.8020309759303927,0.14365064213052392,1.6058346419595182,1.9493811591528356,1.0372808510437608,2.6152715706266463,1.2962341979146004,0.20793532440438867,2.5243340493179858,2.2624316038563848,0.8711541215889156,1.0170991346240044,1.7565387072972953,2.0777447875589132,0.9934399053454399,1.9969927119091153,1.4123877938836813,2.6093268897384405,2.7756143757142127,3.2124614091590047,2.138803831767291,
Generation # 91 ==> Best score:18681
1.3509071534499526,1.8964420398697257,-0.21818495634943247,0.28997108433395624,1.3296459466218948,1.135847121477127,0.7906146007589996,2.634965751785785,1.7092799847014248,0.5146546070463955,1.791336624417454,1.0218712468631566,1.0372808510437608,2.6152715706266463,1.4817361803725362,0.4861882980912924,2.6848983424715698,2.2624316038563848,0.9639051128178835,1.0170991346240044,1.8492896985262632,2.0777447875589132,0.9934399053454399,1.9969927119091153,1.4123877938836813,2.6093268897384405,2.7756143757142127,3.2124614091590047,2.138803831767291,
